{"/Users/adrien/codology/redux-data-structures/src/reducers/boolean.js": {"path":"/Users/adrien/codology/redux-data-structures/src/reducers/boolean.js","statementMap":{"0":{"start":{"line":4,"column":36},"end":{"line":4,"column":40}},"1":{"start":{"line":6,"column":37},"end":{"line":6,"column":41}},"2":{"start":{"line":7,"column":6},"end":{"line":19,"column":1}},"3":{"start":{"line":11,"column":17},"end":{"line":11,"column":23}},"4":{"start":{"line":12,"column":2},"end":{"line":18,"column":3}},"5":{"start":{"line":13,"column":4},"end":{"line":13,"column":16}},"6":{"start":{"line":14,"column":9},"end":{"line":18,"column":3}},"7":{"start":{"line":15,"column":4},"end":{"line":15,"column":17}},"8":{"start":{"line":17,"column":4},"end":{"line":17,"column":17}}},"fnMap":{"0":{"name":"(anonymous_0)","decl":{"start":{"line":1,"column":15},"end":{"line":1,"column":16}},"loc":{"start":{"line":7,"column":6},"end":{"line":19,"column":1}},"line":7},"1":{"name":"(anonymous_1)","decl":{"start":{"line":4,"column":30},"end":{"line":4,"column":31}},"loc":{"start":{"line":4,"column":36},"end":{"line":4,"column":40}},"line":4},"2":{"name":"(anonymous_2)","decl":{"start":{"line":6,"column":31},"end":{"line":6,"column":32}},"loc":{"start":{"line":6,"column":37},"end":{"line":6,"column":41}},"line":6},"3":{"name":"(anonymous_3)","decl":{"start":{"line":7,"column":6},"end":{"line":7,"column":7}},"loc":{"start":{"line":10,"column":5},"end":{"line":19,"column":1}},"line":10}},"branchMap":{"0":{"loc":{"start":{"line":2,"column":2},"end":{"line":2,"column":22}},"type":"default-arg","locations":[{"start":{"line":2,"column":17},"end":{"line":2,"column":22}}],"line":2},"1":{"loc":{"start":{"line":3,"column":2},"end":{"line":3,"column":22}},"type":"default-arg","locations":[{"start":{"line":3,"column":20},"end":{"line":3,"column":22}}],"line":3},"2":{"loc":{"start":{"line":4,"column":2},"end":{"line":4,"column":40}},"type":"default-arg","locations":[{"start":{"line":4,"column":30},"end":{"line":4,"column":40}}],"line":4},"3":{"loc":{"start":{"line":5,"column":2},"end":{"line":5,"column":23}},"type":"default-arg","locations":[{"start":{"line":5,"column":21},"end":{"line":5,"column":23}}],"line":5},"4":{"loc":{"start":{"line":6,"column":2},"end":{"line":6,"column":41}},"type":"default-arg","locations":[{"start":{"line":6,"column":31},"end":{"line":6,"column":41}}],"line":6},"5":{"loc":{"start":{"line":8,"column":2},"end":{"line":8,"column":22}},"type":"default-arg","locations":[{"start":{"line":8,"column":10},"end":{"line":8,"column":22}}],"line":8},"6":{"loc":{"start":{"line":12,"column":2},"end":{"line":18,"column":3}},"type":"if","locations":[{"start":{"line":12,"column":2},"end":{"line":18,"column":3}},{"start":{"line":12,"column":2},"end":{"line":18,"column":3}}],"line":12},"7":{"loc":{"start":{"line":12,"column":6},"end":{"line":12,"column":73}},"type":"binary-expr","locations":[{"start":{"line":12,"column":6},"end":{"line":12,"column":36}},{"start":{"line":12,"column":40},"end":{"line":12,"column":73}}],"line":12},"8":{"loc":{"start":{"line":14,"column":9},"end":{"line":18,"column":3}},"type":"if","locations":[{"start":{"line":14,"column":9},"end":{"line":18,"column":3}},{"start":{"line":14,"column":9},"end":{"line":18,"column":3}}],"line":14},"9":{"loc":{"start":{"line":14,"column":13},"end":{"line":14,"column":82}},"type":"binary-expr","locations":[{"start":{"line":14,"column":13},"end":{"line":14,"column":44}},{"start":{"line":14,"column":48},"end":{"line":14,"column":82}}],"line":14}},"s":{"0":1,"1":1,"2":2,"3":2,"4":2,"5":1,"6":1,"7":1,"8":0},"f":{"0":2,"1":1,"2":1,"3":2},"b":{"0":[2],"1":[1],"2":[2],"3":[1],"4":[2],"5":[2],"6":[1,1],"7":[2,1],"8":[1,0],"9":[1,1]},"_coverageSchema":"332fd63041d2c1bcb487cc26dd0d5f7d97098a6c","hash":"1a57099c473b24139ed0c4576c99f587702ca837"}
,"/Users/adrien/codology/redux-data-structures/src/reducers/counter.js": {"path":"/Users/adrien/codology/redux-data-structures/src/reducers/counter.js","statementMap":{"0":{"start":{"line":4,"column":20},"end":{"line":4,"column":21}},"1":{"start":{"line":7,"column":20},"end":{"line":7,"column":21}},"2":{"start":{"line":10,"column":7},"end":{"line":28,"column":1}},"3":{"start":{"line":14,"column":17},"end":{"line":14,"column":23}},"4":{"start":{"line":15,"column":2},"end":{"line":27,"column":3}},"5":{"start":{"line":16,"column":14},"end":{"line":16,"column":32}},"6":{"start":{"line":17,"column":14},"end":{"line":17,"column":39}},"7":{"start":{"line":18,"column":4},"end":{"line":18,"column":47}},"8":{"start":{"line":19,"column":9},"end":{"line":27,"column":3}},"9":{"start":{"line":20,"column":14},"end":{"line":20,"column":32}},"10":{"start":{"line":21,"column":14},"end":{"line":21,"column":39}},"11":{"start":{"line":22,"column":4},"end":{"line":22,"column":47}},"12":{"start":{"line":23,"column":9},"end":{"line":27,"column":3}},"13":{"start":{"line":24,"column":4},"end":{"line":24,"column":24}},"14":{"start":{"line":26,"column":4},"end":{"line":26,"column":17}}},"fnMap":{"0":{"name":"(anonymous_0)","decl":{"start":{"line":1,"column":15},"end":{"line":1,"column":16}},"loc":{"start":{"line":10,"column":7},"end":{"line":28,"column":1}},"line":10},"1":{"name":"(anonymous_1)","decl":{"start":{"line":4,"column":14},"end":{"line":4,"column":15}},"loc":{"start":{"line":4,"column":20},"end":{"line":4,"column":21}},"line":4},"2":{"name":"(anonymous_2)","decl":{"start":{"line":7,"column":14},"end":{"line":7,"column":15}},"loc":{"start":{"line":7,"column":20},"end":{"line":7,"column":21}},"line":7},"3":{"name":"(anonymous_3)","decl":{"start":{"line":10,"column":7},"end":{"line":10,"column":8}},"loc":{"start":{"line":13,"column":5},"end":{"line":28,"column":1}},"line":13}},"branchMap":{"0":{"loc":{"start":{"line":2,"column":2},"end":{"line":2,"column":18}},"type":"default-arg","locations":[{"start":{"line":2,"column":17},"end":{"line":2,"column":18}}],"line":2},"1":{"loc":{"start":{"line":3,"column":2},"end":{"line":3,"column":27}},"type":"default-arg","locations":[{"start":{"line":3,"column":25},"end":{"line":3,"column":27}}],"line":3},"2":{"loc":{"start":{"line":4,"column":2},"end":{"line":4,"column":21}},"type":"default-arg","locations":[{"start":{"line":4,"column":14},"end":{"line":4,"column":21}}],"line":4},"3":{"loc":{"start":{"line":6,"column":2},"end":{"line":6,"column":27}},"type":"default-arg","locations":[{"start":{"line":6,"column":25},"end":{"line":6,"column":27}}],"line":6},"4":{"loc":{"start":{"line":7,"column":2},"end":{"line":7,"column":21}},"type":"default-arg","locations":[{"start":{"line":7,"column":14},"end":{"line":7,"column":21}}],"line":7},"5":{"loc":{"start":{"line":9,"column":2},"end":{"line":9,"column":23}},"type":"default-arg","locations":[{"start":{"line":9,"column":21},"end":{"line":9,"column":23}}],"line":9},"6":{"loc":{"start":{"line":11,"column":2},"end":{"line":11,"column":22}},"type":"default-arg","locations":[{"start":{"line":11,"column":10},"end":{"line":11,"column":22}}],"line":11},"7":{"loc":{"start":{"line":15,"column":2},"end":{"line":27,"column":3}},"type":"if","locations":[{"start":{"line":15,"column":2},"end":{"line":27,"column":3}},{"start":{"line":15,"column":2},"end":{"line":27,"column":3}}],"line":15},"8":{"loc":{"start":{"line":16,"column":14},"end":{"line":16,"column":32}},"type":"binary-expr","locations":[{"start":{"line":16,"column":14},"end":{"line":16,"column":17}},{"start":{"line":16,"column":21},"end":{"line":16,"column":32}}],"line":16},"9":{"loc":{"start":{"line":18,"column":11},"end":{"line":18,"column":46}},"type":"cond-expr","locations":[{"start":{"line":18,"column":28},"end":{"line":18,"column":42}},{"start":{"line":18,"column":45},"end":{"line":18,"column":46}}],"line":18},"10":{"loc":{"start":{"line":18,"column":12},"end":{"line":18,"column":24}},"type":"binary-expr","locations":[{"start":{"line":18,"column":12},"end":{"line":18,"column":13}},{"start":{"line":18,"column":17},"end":{"line":18,"column":24}}],"line":18},"11":{"loc":{"start":{"line":19,"column":9},"end":{"line":27,"column":3}},"type":"if","locations":[{"start":{"line":19,"column":9},"end":{"line":27,"column":3}},{"start":{"line":19,"column":9},"end":{"line":27,"column":3}}],"line":19},"12":{"loc":{"start":{"line":20,"column":14},"end":{"line":20,"column":32}},"type":"binary-expr","locations":[{"start":{"line":20,"column":14},"end":{"line":20,"column":17}},{"start":{"line":20,"column":21},"end":{"line":20,"column":32}}],"line":20},"13":{"loc":{"start":{"line":22,"column":11},"end":{"line":22,"column":46}},"type":"cond-expr","locations":[{"start":{"line":22,"column":28},"end":{"line":22,"column":42}},{"start":{"line":22,"column":45},"end":{"line":22,"column":46}}],"line":22},"14":{"loc":{"start":{"line":22,"column":12},"end":{"line":22,"column":24}},"type":"binary-expr","locations":[{"start":{"line":22,"column":12},"end":{"line":22,"column":13}},{"start":{"line":22,"column":17},"end":{"line":22,"column":24}}],"line":22},"15":{"loc":{"start":{"line":23,"column":9},"end":{"line":27,"column":3}},"type":"if","locations":[{"start":{"line":23,"column":9},"end":{"line":27,"column":3}},{"start":{"line":23,"column":9},"end":{"line":27,"column":3}}],"line":23}},"s":{"0":1,"1":1,"2":3,"3":3,"4":3,"5":1,"6":1,"7":1,"8":2,"9":1,"10":1,"11":1,"12":1,"13":1,"14":0},"f":{"0":3,"1":1,"2":1,"3":3},"b":{"0":[3],"1":[2],"2":[3],"3":[2],"4":[3],"5":[2],"6":[3],"7":[1,2],"8":[1,0],"9":[0,1],"10":[1,1],"11":[1,1],"12":[1,0],"13":[0,1],"14":[1,1],"15":[1,0]},"_coverageSchema":"332fd63041d2c1bcb487cc26dd0d5f7d97098a6c","hash":"3f57ff3318760768d55d95d803d134ad186a067e"}
,"/Users/adrien/codology/redux-data-structures/src/reducers/map.js": {"path":"/Users/adrien/codology/redux-data-structures/src/reducers/map.js","statementMap":{"0":{"start":{"line":6,"column":24},"end":{"line":6,"column":41}},"1":{"start":{"line":7,"column":26},"end":{"line":7,"column":45}},"2":{"start":{"line":8,"column":36},"end":{"line":8,"column":64}},"3":{"start":{"line":9,"column":6},"end":{"line":26,"column":1}},"4":{"start":{"line":16,"column":17},"end":{"line":16,"column":23}},"5":{"start":{"line":17,"column":2},"end":{"line":25,"column":3}},"6":{"start":{"line":18,"column":4},"end":{"line":18,"column":53}},"7":{"start":{"line":19,"column":9},"end":{"line":25,"column":3}},"8":{"start":{"line":20,"column":4},"end":{"line":20,"column":58}},"9":{"start":{"line":21,"column":9},"end":{"line":25,"column":3}},"10":{"start":{"line":22,"column":4},"end":{"line":22,"column":44}},"11":{"start":{"line":24,"column":4},"end":{"line":24,"column":17}},"12":{"start":{"line":28,"column":12},"end":{"line":34,"column":1}},"13":{"start":{"line":29,"column":14},"end":{"line":29,"column":31}},"14":{"start":{"line":30,"column":2},"end":{"line":33,"column":4}},"15":{"start":{"line":36,"column":15},"end":{"line":43,"column":1}},"16":{"start":{"line":37,"column":14},"end":{"line":37,"column":31}},"17":{"start":{"line":38,"column":15},"end":{"line":38,"column":30}},"18":{"start":{"line":39,"column":2},"end":{"line":42,"column":4}},"19":{"start":{"line":45,"column":15},"end":{"line":55,"column":1}},"20":{"start":{"line":46,"column":14},"end":{"line":46,"column":31}},"21":{"start":{"line":47,"column":15},"end":{"line":47,"column":30}},"22":{"start":{"line":48,"column":2},"end":{"line":48,"column":39}},"23":{"start":{"line":48,"column":26},"end":{"line":48,"column":39}},"24":{"start":{"line":49,"column":15},"end":{"line":49,"column":30}},"25":{"start":{"line":50,"column":2},"end":{"line":50,"column":19}},"26":{"start":{"line":51,"column":2},"end":{"line":54,"column":4}},"27":{"start":{"line":53,"column":37},"end":{"line":53,"column":46}}},"fnMap":{"0":{"name":"(anonymous_0)","decl":{"start":{"line":1,"column":15},"end":{"line":1,"column":16}},"loc":{"start":{"line":9,"column":6},"end":{"line":26,"column":1}},"line":9},"1":{"name":"(anonymous_1)","decl":{"start":{"line":6,"column":14},"end":{"line":6,"column":15}},"loc":{"start":{"line":6,"column":24},"end":{"line":6,"column":41}},"line":6},"2":{"name":"(anonymous_2)","decl":{"start":{"line":7,"column":15},"end":{"line":7,"column":16}},"loc":{"start":{"line":7,"column":26},"end":{"line":7,"column":45}},"line":7},"3":{"name":"(anonymous_3)","decl":{"start":{"line":8,"column":17},"end":{"line":8,"column":18}},"loc":{"start":{"line":8,"column":36},"end":{"line":8,"column":64}},"line":8},"4":{"name":"(anonymous_4)","decl":{"start":{"line":9,"column":6},"end":{"line":9,"column":7}},"loc":{"start":{"line":15,"column":5},"end":{"line":26,"column":1}},"line":15},"5":{"name":"(anonymous_5)","decl":{"start":{"line":28,"column":12},"end":{"line":28,"column":13}},"loc":{"start":{"line":28,"column":54},"end":{"line":34,"column":1}},"line":28},"6":{"name":"(anonymous_6)","decl":{"start":{"line":36,"column":15},"end":{"line":36,"column":16}},"loc":{"start":{"line":36,"column":59},"end":{"line":43,"column":1}},"line":36},"7":{"name":"(anonymous_7)","decl":{"start":{"line":45,"column":15},"end":{"line":45,"column":16}},"loc":{"start":{"line":45,"column":45},"end":{"line":55,"column":1}},"line":45},"8":{"name":"(anonymous_8)","decl":{"start":{"line":53,"column":32},"end":{"line":53,"column":33}},"loc":{"start":{"line":53,"column":37},"end":{"line":53,"column":46}},"line":53}},"branchMap":{"0":{"loc":{"start":{"line":3,"column":2},"end":{"line":3,"column":21}},"type":"default-arg","locations":[{"start":{"line":3,"column":19},"end":{"line":3,"column":21}}],"line":3},"1":{"loc":{"start":{"line":4,"column":2},"end":{"line":4,"column":24}},"type":"default-arg","locations":[{"start":{"line":4,"column":22},"end":{"line":4,"column":24}}],"line":4},"2":{"loc":{"start":{"line":5,"column":2},"end":{"line":5,"column":24}},"type":"default-arg","locations":[{"start":{"line":5,"column":22},"end":{"line":5,"column":24}}],"line":5},"3":{"loc":{"start":{"line":6,"column":2},"end":{"line":6,"column":41}},"type":"default-arg","locations":[{"start":{"line":6,"column":14},"end":{"line":6,"column":41}}],"line":6},"4":{"loc":{"start":{"line":7,"column":2},"end":{"line":7,"column":46}},"type":"default-arg","locations":[{"start":{"line":7,"column":15},"end":{"line":7,"column":46}}],"line":7},"5":{"loc":{"start":{"line":8,"column":2},"end":{"line":8,"column":65}},"type":"default-arg","locations":[{"start":{"line":8,"column":17},"end":{"line":8,"column":65}}],"line":8},"6":{"loc":{"start":{"line":10,"column":2},"end":{"line":13,"column":3}},"type":"default-arg","locations":[{"start":{"line":10,"column":10},"end":{"line":13,"column":3}}],"line":10},"7":{"loc":{"start":{"line":17,"column":2},"end":{"line":25,"column":3}},"type":"if","locations":[{"start":{"line":17,"column":2},"end":{"line":25,"column":3}},{"start":{"line":17,"column":2},"end":{"line":25,"column":3}}],"line":17},"8":{"loc":{"start":{"line":19,"column":9},"end":{"line":25,"column":3}},"type":"if","locations":[{"start":{"line":19,"column":9},"end":{"line":25,"column":3}},{"start":{"line":19,"column":9},"end":{"line":25,"column":3}}],"line":19},"9":{"loc":{"start":{"line":21,"column":9},"end":{"line":25,"column":3}},"type":"if","locations":[{"start":{"line":21,"column":9},"end":{"line":25,"column":3}},{"start":{"line":21,"column":9},"end":{"line":25,"column":3}}],"line":21},"10":{"loc":{"start":{"line":32,"column":12},"end":{"line":32,"column":80}},"type":"cond-expr","locations":[{"start":{"line":32,"column":41},"end":{"line":32,"column":53}},{"start":{"line":32,"column":56},"end":{"line":32,"column":80}}],"line":32},"11":{"loc":{"start":{"line":39,"column":9},"end":{"line":42,"column":3}},"type":"cond-expr","locations":[{"start":{"line":39,"column":30},"end":{"line":39,"column":35}},{"start":{"line":39,"column":38},"end":{"line":42,"column":3}}],"line":39},"12":{"loc":{"start":{"line":48,"column":2},"end":{"line":48,"column":39}},"type":"if","locations":[{"start":{"line":48,"column":2},"end":{"line":48,"column":39}},{"start":{"line":48,"column":2},"end":{"line":48,"column":39}}],"line":48}},"s":{"0":3,"1":1,"2":1,"3":3,"4":3,"5":3,"6":1,"7":2,"8":1,"9":1,"10":1,"11":0,"12":1,"13":1,"14":1,"15":1,"16":1,"17":1,"18":1,"19":1,"20":1,"21":1,"22":1,"23":0,"24":1,"25":1,"26":1,"27":1},"f":{"0":3,"1":3,"2":1,"3":1,"4":3,"5":1,"6":1,"7":1,"8":1},"b":{"0":[2],"1":[2],"2":[2],"3":[3],"4":[3],"5":[3],"6":[1],"7":[1,2],"8":[1,1],"9":[1,0],"10":[0,1],"11":[0,1],"12":[0,1]},"_coverageSchema":"332fd63041d2c1bcb487cc26dd0d5f7d97098a6c","hash":"f74fd15543b433538a392ca3537efa57e69348e7"}
,"/Users/adrien/codology/redux-data-structures/src/reducers/queue.js": {"path":"/Users/adrien/codology/redux-data-structures/src/reducers/queue.js","statementMap":{"0":{"start":{"line":5,"column":25},"end":{"line":5,"column":39}},"1":{"start":{"line":6,"column":6},"end":{"line":18,"column":1}},"2":{"start":{"line":10,"column":17},"end":{"line":10,"column":23}},"3":{"start":{"line":11,"column":2},"end":{"line":17,"column":3}},"4":{"start":{"line":12,"column":4},"end":{"line":12,"column":44}},"5":{"start":{"line":13,"column":9},"end":{"line":17,"column":3}},"6":{"start":{"line":14,"column":4},"end":{"line":14,"column":26}},"7":{"start":{"line":16,"column":4},"end":{"line":16,"column":17}}},"fnMap":{"0":{"name":"(anonymous_0)","decl":{"start":{"line":1,"column":15},"end":{"line":1,"column":16}},"loc":{"start":{"line":6,"column":6},"end":{"line":18,"column":1}},"line":6},"1":{"name":"(anonymous_1)","decl":{"start":{"line":5,"column":15},"end":{"line":5,"column":16}},"loc":{"start":{"line":5,"column":25},"end":{"line":5,"column":39}},"line":5},"2":{"name":"(anonymous_2)","decl":{"start":{"line":6,"column":6},"end":{"line":6,"column":7}},"loc":{"start":{"line":9,"column":5},"end":{"line":18,"column":1}},"line":9}},"branchMap":{"0":{"loc":{"start":{"line":2,"column":2},"end":{"line":2,"column":19}},"type":"default-arg","locations":[{"start":{"line":2,"column":17},"end":{"line":2,"column":19}}],"line":2},"1":{"loc":{"start":{"line":3,"column":2},"end":{"line":3,"column":25}},"type":"default-arg","locations":[{"start":{"line":3,"column":23},"end":{"line":3,"column":25}}],"line":3},"2":{"loc":{"start":{"line":4,"column":2},"end":{"line":4,"column":25}},"type":"default-arg","locations":[{"start":{"line":4,"column":23},"end":{"line":4,"column":25}}],"line":4},"3":{"loc":{"start":{"line":5,"column":2},"end":{"line":5,"column":39}},"type":"default-arg","locations":[{"start":{"line":5,"column":15},"end":{"line":5,"column":39}}],"line":5},"4":{"loc":{"start":{"line":7,"column":2},"end":{"line":7,"column":22}},"type":"default-arg","locations":[{"start":{"line":7,"column":10},"end":{"line":7,"column":22}}],"line":7},"5":{"loc":{"start":{"line":11,"column":2},"end":{"line":17,"column":3}},"type":"if","locations":[{"start":{"line":11,"column":2},"end":{"line":17,"column":3}},{"start":{"line":11,"column":2},"end":{"line":17,"column":3}}],"line":11},"6":{"loc":{"start":{"line":13,"column":9},"end":{"line":17,"column":3}},"type":"if","locations":[{"start":{"line":13,"column":9},"end":{"line":17,"column":3}},{"start":{"line":13,"column":9},"end":{"line":17,"column":3}}],"line":13}},"s":{"0":2,"1":6,"2":6,"3":6,"4":2,"5":4,"6":3,"7":1},"f":{"0":6,"1":2,"2":6},"b":{"0":[6],"1":[4],"2":[3],"3":[6],"4":[1],"5":[2,4],"6":[3,1]},"_coverageSchema":"332fd63041d2c1bcb487cc26dd0d5f7d97098a6c","hash":"89fc579bfd7b253392d4d53d46033c7779f9c43e"}
,"/Users/adrien/codology/redux-data-structures/src/reducers/set.js": {"path":"/Users/adrien/codology/redux-data-structures/src/reducers/set.js","statementMap":{"0":{"start":{"line":5,"column":24},"end":{"line":5,"column":41}},"1":{"start":{"line":6,"column":6},"end":{"line":18,"column":1}},"2":{"start":{"line":10,"column":17},"end":{"line":10,"column":23}},"3":{"start":{"line":11,"column":2},"end":{"line":17,"column":3}},"4":{"start":{"line":12,"column":4},"end":{"line":12,"column":49}},"5":{"start":{"line":13,"column":9},"end":{"line":17,"column":3}},"6":{"start":{"line":14,"column":4},"end":{"line":14,"column":44}},"7":{"start":{"line":16,"column":4},"end":{"line":16,"column":17}},"8":{"start":{"line":20,"column":15},"end":{"line":26,"column":1}},"9":{"start":{"line":21,"column":12},"end":{"line":21,"column":20}},"10":{"start":{"line":22,"column":2},"end":{"line":24,"column":3}},"11":{"start":{"line":23,"column":4},"end":{"line":23,"column":18}},"12":{"start":{"line":25,"column":2},"end":{"line":25,"column":11}}},"fnMap":{"0":{"name":"(anonymous_0)","decl":{"start":{"line":1,"column":15},"end":{"line":1,"column":16}},"loc":{"start":{"line":6,"column":6},"end":{"line":18,"column":1}},"line":6},"1":{"name":"(anonymous_1)","decl":{"start":{"line":5,"column":14},"end":{"line":5,"column":15}},"loc":{"start":{"line":5,"column":24},"end":{"line":5,"column":41}},"line":5},"2":{"name":"(anonymous_2)","decl":{"start":{"line":6,"column":6},"end":{"line":6,"column":7}},"loc":{"start":{"line":9,"column":5},"end":{"line":18,"column":1}},"line":9},"3":{"name":"(anonymous_3)","decl":{"start":{"line":20,"column":15},"end":{"line":20,"column":16}},"loc":{"start":{"line":20,"column":29},"end":{"line":26,"column":1}},"line":20}},"branchMap":{"0":{"loc":{"start":{"line":2,"column":2},"end":{"line":2,"column":19}},"type":"default-arg","locations":[{"start":{"line":2,"column":17},"end":{"line":2,"column":19}}],"line":2},"1":{"loc":{"start":{"line":3,"column":2},"end":{"line":3,"column":21}},"type":"default-arg","locations":[{"start":{"line":3,"column":19},"end":{"line":3,"column":21}}],"line":3},"2":{"loc":{"start":{"line":4,"column":2},"end":{"line":4,"column":24}},"type":"default-arg","locations":[{"start":{"line":4,"column":22},"end":{"line":4,"column":24}}],"line":4},"3":{"loc":{"start":{"line":5,"column":2},"end":{"line":5,"column":41}},"type":"default-arg","locations":[{"start":{"line":5,"column":14},"end":{"line":5,"column":41}}],"line":5},"4":{"loc":{"start":{"line":7,"column":2},"end":{"line":7,"column":22}},"type":"default-arg","locations":[{"start":{"line":7,"column":10},"end":{"line":7,"column":22}}],"line":7},"5":{"loc":{"start":{"line":11,"column":2},"end":{"line":17,"column":3}},"type":"if","locations":[{"start":{"line":11,"column":2},"end":{"line":17,"column":3}},{"start":{"line":11,"column":2},"end":{"line":17,"column":3}}],"line":11},"6":{"loc":{"start":{"line":13,"column":9},"end":{"line":17,"column":3}},"type":"if","locations":[{"start":{"line":13,"column":9},"end":{"line":17,"column":3}},{"start":{"line":13,"column":9},"end":{"line":17,"column":3}}],"line":13},"7":{"loc":{"start":{"line":22,"column":2},"end":{"line":24,"column":3}},"type":"if","locations":[{"start":{"line":22,"column":2},"end":{"line":24,"column":3}},{"start":{"line":22,"column":2},"end":{"line":24,"column":3}}],"line":22}},"s":{"0":2,"1":2,"2":2,"3":2,"4":1,"5":1,"6":1,"7":0,"8":1,"9":1,"10":1,"11":1,"12":1},"f":{"0":2,"1":2,"2":2,"3":1},"b":{"0":[2],"1":[1],"2":[1],"3":[2],"4":[0],"5":[1,1],"6":[1,0],"7":[1,0]},"_coverageSchema":"332fd63041d2c1bcb487cc26dd0d5f7d97098a6c","hash":"5a39147db1282bafd5b429b7d33cdaaa30bc8d63"}
,"/Users/adrien/codology/redux-data-structures/src/reducers/testActionTypes.js": {"path":"/Users/adrien/codology/redux-data-structures/src/reducers/testActionTypes.js","statementMap":{"0":{"start":{"line":1,"column":29},"end":{"line":1,"column":44}},"1":{"start":{"line":2,"column":29},"end":{"line":2,"column":44}}},"fnMap":{},"branchMap":{},"s":{"0":8,"1":8},"f":{},"b":{},"_coverageSchema":"332fd63041d2c1bcb487cc26dd0d5f7d97098a6c","hash":"1e5cd9182c0cf6ecf24c137785ed8b98ef6d9f06"}
,"/Users/adrien/codology/redux-data-structures/src/reducers/toggle.js": {"path":"/Users/adrien/codology/redux-data-structures/src/reducers/toggle.js","statementMap":{"0":{"start":{"line":5,"column":6},"end":{"line":17,"column":1}},"1":{"start":{"line":9,"column":17},"end":{"line":9,"column":23}},"2":{"start":{"line":10,"column":2},"end":{"line":16,"column":3}},"3":{"start":{"line":11,"column":4},"end":{"line":11,"column":18}},"4":{"start":{"line":12,"column":9},"end":{"line":16,"column":3}},"5":{"start":{"line":13,"column":4},"end":{"line":13,"column":24}},"6":{"start":{"line":15,"column":4},"end":{"line":15,"column":17}}},"fnMap":{"0":{"name":"(anonymous_0)","decl":{"start":{"line":1,"column":15},"end":{"line":1,"column":16}},"loc":{"start":{"line":5,"column":6},"end":{"line":17,"column":1}},"line":5},"1":{"name":"(anonymous_1)","decl":{"start":{"line":5,"column":6},"end":{"line":5,"column":7}},"loc":{"start":{"line":8,"column":5},"end":{"line":17,"column":1}},"line":8}},"branchMap":{"0":{"loc":{"start":{"line":2,"column":2},"end":{"line":2,"column":22}},"type":"default-arg","locations":[{"start":{"line":2,"column":17},"end":{"line":2,"column":22}}],"line":2},"1":{"loc":{"start":{"line":3,"column":2},"end":{"line":3,"column":24}},"type":"default-arg","locations":[{"start":{"line":3,"column":22},"end":{"line":3,"column":24}}],"line":3},"2":{"loc":{"start":{"line":4,"column":2},"end":{"line":4,"column":23}},"type":"default-arg","locations":[{"start":{"line":4,"column":21},"end":{"line":4,"column":23}}],"line":4},"3":{"loc":{"start":{"line":6,"column":2},"end":{"line":6,"column":22}},"type":"default-arg","locations":[{"start":{"line":6,"column":10},"end":{"line":6,"column":22}}],"line":6},"4":{"loc":{"start":{"line":10,"column":2},"end":{"line":16,"column":3}},"type":"if","locations":[{"start":{"line":10,"column":2},"end":{"line":16,"column":3}},{"start":{"line":10,"column":2},"end":{"line":16,"column":3}}],"line":10},"5":{"loc":{"start":{"line":12,"column":9},"end":{"line":16,"column":3}},"type":"if","locations":[{"start":{"line":12,"column":9},"end":{"line":16,"column":3}},{"start":{"line":12,"column":9},"end":{"line":16,"column":3}}],"line":12}},"s":{"0":3,"1":3,"2":3,"3":2,"4":1,"5":1,"6":0},"f":{"0":3,"1":3},"b":{"0":[2],"1":[1],"2":[2],"3":[0],"4":[2,1],"5":[1,0]},"_coverageSchema":"332fd63041d2c1bcb487cc26dd0d5f7d97098a6c","hash":"72097dea7e2527454180ac88b46720f8e8466b9a"}
,"/Users/adrien/codology/redux-data-structures/src/reducers/toggleSet.js": {"path":"/Users/adrien/codology/redux-data-structures/src/reducers/toggleSet.js","statementMap":{"0":{"start":{"line":4,"column":24},"end":{"line":4,"column":41}},"1":{"start":{"line":6,"column":23},"end":{"line":6,"column":24}},"2":{"start":{"line":7,"column":6},"end":{"line":19,"column":1}},"3":{"start":{"line":11,"column":17},"end":{"line":11,"column":23}},"4":{"start":{"line":12,"column":2},"end":{"line":18,"column":3}},"5":{"start":{"line":13,"column":4},"end":{"line":13,"column":59}},"6":{"start":{"line":14,"column":9},"end":{"line":18,"column":3}},"7":{"start":{"line":15,"column":4},"end":{"line":15,"column":24}},"8":{"start":{"line":17,"column":4},"end":{"line":17,"column":17}},"9":{"start":{"line":21,"column":15},"end":{"line":29,"column":1}},"10":{"start":{"line":22,"column":12},"end":{"line":22,"column":20}},"11":{"start":{"line":23,"column":2},"end":{"line":27,"column":3}},"12":{"start":{"line":24,"column":4},"end":{"line":24,"column":18}},"13":{"start":{"line":26,"column":4},"end":{"line":26,"column":18}},"14":{"start":{"line":28,"column":2},"end":{"line":28,"column":11}}},"fnMap":{"0":{"name":"(anonymous_0)","decl":{"start":{"line":1,"column":15},"end":{"line":1,"column":16}},"loc":{"start":{"line":7,"column":6},"end":{"line":19,"column":1}},"line":7},"1":{"name":"(anonymous_1)","decl":{"start":{"line":4,"column":14},"end":{"line":4,"column":15}},"loc":{"start":{"line":4,"column":24},"end":{"line":4,"column":41}},"line":4},"2":{"name":"(anonymous_2)","decl":{"start":{"line":6,"column":18},"end":{"line":6,"column":19}},"loc":{"start":{"line":6,"column":23},"end":{"line":6,"column":24}},"line":6},"3":{"name":"(anonymous_3)","decl":{"start":{"line":7,"column":6},"end":{"line":7,"column":7}},"loc":{"start":{"line":10,"column":5},"end":{"line":19,"column":1}},"line":10},"4":{"name":"(anonymous_4)","decl":{"start":{"line":21,"column":15},"end":{"line":21,"column":16}},"loc":{"start":{"line":21,"column":29},"end":{"line":29,"column":1}},"line":21}},"branchMap":{"0":{"loc":{"start":{"line":2,"column":2},"end":{"line":2,"column":19}},"type":"default-arg","locations":[{"start":{"line":2,"column":17},"end":{"line":2,"column":19}}],"line":2},"1":{"loc":{"start":{"line":3,"column":2},"end":{"line":3,"column":24}},"type":"default-arg","locations":[{"start":{"line":3,"column":22},"end":{"line":3,"column":24}}],"line":3},"2":{"loc":{"start":{"line":4,"column":2},"end":{"line":4,"column":41}},"type":"default-arg","locations":[{"start":{"line":4,"column":14},"end":{"line":4,"column":41}}],"line":4},"3":{"loc":{"start":{"line":5,"column":2},"end":{"line":5,"column":23}},"type":"default-arg","locations":[{"start":{"line":5,"column":21},"end":{"line":5,"column":23}}],"line":5},"4":{"loc":{"start":{"line":6,"column":2},"end":{"line":6,"column":24}},"type":"default-arg","locations":[{"start":{"line":6,"column":18},"end":{"line":6,"column":24}}],"line":6},"5":{"loc":{"start":{"line":8,"column":2},"end":{"line":8,"column":22}},"type":"default-arg","locations":[{"start":{"line":8,"column":10},"end":{"line":8,"column":22}}],"line":8},"6":{"loc":{"start":{"line":12,"column":2},"end":{"line":18,"column":3}},"type":"if","locations":[{"start":{"line":12,"column":2},"end":{"line":18,"column":3}},{"start":{"line":12,"column":2},"end":{"line":18,"column":3}}],"line":12},"7":{"loc":{"start":{"line":14,"column":9},"end":{"line":18,"column":3}},"type":"if","locations":[{"start":{"line":14,"column":9},"end":{"line":18,"column":3}},{"start":{"line":14,"column":9},"end":{"line":18,"column":3}}],"line":14},"8":{"loc":{"start":{"line":23,"column":2},"end":{"line":27,"column":3}},"type":"if","locations":[{"start":{"line":23,"column":2},"end":{"line":27,"column":3}},{"start":{"line":23,"column":2},"end":{"line":27,"column":3}}],"line":23}},"s":{"0":2,"1":2,"2":3,"3":3,"4":3,"5":2,"6":1,"7":1,"8":0,"9":1,"10":2,"11":2,"12":1,"13":1,"14":2},"f":{"0":3,"1":2,"2":2,"3":3,"4":2},"b":{"0":[2],"1":[1],"2":[3],"3":[2],"4":[3],"5":[1],"6":[2,1],"7":[1,0],"8":[1,1]},"_coverageSchema":"332fd63041d2c1bcb487cc26dd0d5f7d97098a6c","hash":"ba738be2a45e164d28099f3b8e0ed864e4e13feb"}
,"/Users/adrien/codology/redux-data-structures/src/reducers/value.js": {"path":"/Users/adrien/codology/redux-data-structures/src/reducers/value.js","statementMap":{"0":{"start":{"line":4,"column":26},"end":{"line":4,"column":40}},"1":{"start":{"line":6,"column":6},"end":{"line":18,"column":1}},"2":{"start":{"line":10,"column":17},"end":{"line":10,"column":23}},"3":{"start":{"line":11,"column":2},"end":{"line":17,"column":3}},"4":{"start":{"line":12,"column":4},"end":{"line":12,"column":31}},"5":{"start":{"line":13,"column":9},"end":{"line":17,"column":3}},"6":{"start":{"line":14,"column":4},"end":{"line":14,"column":24}},"7":{"start":{"line":16,"column":4},"end":{"line":16,"column":17}}},"fnMap":{"0":{"name":"(anonymous_0)","decl":{"start":{"line":1,"column":15},"end":{"line":1,"column":16}},"loc":{"start":{"line":6,"column":6},"end":{"line":18,"column":1}},"line":6},"1":{"name":"(anonymous_1)","decl":{"start":{"line":4,"column":16},"end":{"line":4,"column":17}},"loc":{"start":{"line":4,"column":26},"end":{"line":4,"column":40}},"line":4},"2":{"name":"(anonymous_2)","decl":{"start":{"line":6,"column":6},"end":{"line":6,"column":7}},"loc":{"start":{"line":9,"column":5},"end":{"line":18,"column":1}},"line":9}},"branchMap":{"0":{"loc":{"start":{"line":2,"column":2},"end":{"line":2,"column":21}},"type":"default-arg","locations":[{"start":{"line":2,"column":17},"end":{"line":2,"column":21}}],"line":2},"1":{"loc":{"start":{"line":3,"column":2},"end":{"line":3,"column":21}},"type":"default-arg","locations":[{"start":{"line":3,"column":19},"end":{"line":3,"column":21}}],"line":3},"2":{"loc":{"start":{"line":4,"column":2},"end":{"line":4,"column":40}},"type":"default-arg","locations":[{"start":{"line":4,"column":16},"end":{"line":4,"column":40}}],"line":4},"3":{"loc":{"start":{"line":5,"column":2},"end":{"line":5,"column":23}},"type":"default-arg","locations":[{"start":{"line":5,"column":21},"end":{"line":5,"column":23}}],"line":5},"4":{"loc":{"start":{"line":7,"column":2},"end":{"line":7,"column":22}},"type":"default-arg","locations":[{"start":{"line":7,"column":10},"end":{"line":7,"column":22}}],"line":7},"5":{"loc":{"start":{"line":11,"column":2},"end":{"line":17,"column":3}},"type":"if","locations":[{"start":{"line":11,"column":2},"end":{"line":17,"column":3}},{"start":{"line":11,"column":2},"end":{"line":17,"column":3}}],"line":11},"6":{"loc":{"start":{"line":13,"column":9},"end":{"line":17,"column":3}},"type":"if","locations":[{"start":{"line":13,"column":9},"end":{"line":17,"column":3}},{"start":{"line":13,"column":9},"end":{"line":17,"column":3}}],"line":13}},"s":{"0":1,"1":2,"2":2,"3":2,"4":1,"5":1,"6":1,"7":0},"f":{"0":2,"1":1,"2":2},"b":{"0":[1],"1":[1],"2":[2],"3":[1],"4":[1],"5":[1,1],"6":[1,0]},"_coverageSchema":"332fd63041d2c1bcb487cc26dd0d5f7d97098a6c","hash":"455a61c9e379623188820ef61e90f7ca685454df"}
}
