TN:
SF:/Users/adrien/codology/redux-data-structures/src/reducers/boolean.js
FN:1,(anonymous_0)
FN:4,(anonymous_1)
FN:6,(anonymous_2)
FN:7,(anonymous_3)
FNF:4
FNH:4
FNDA:2,(anonymous_0)
FNDA:1,(anonymous_1)
FNDA:1,(anonymous_2)
FNDA:2,(anonymous_3)
DA:4,1
DA:6,1
DA:7,2
DA:11,2
DA:12,2
DA:13,1
DA:14,1
DA:15,1
DA:17,0
LF:9
LH:8
BRDA:2,0,0,2
BRDA:3,1,0,1
BRDA:4,2,0,2
BRDA:5,3,0,1
BRDA:6,4,0,2
BRDA:8,5,0,2
BRDA:12,6,0,1
BRDA:12,6,1,1
BRDA:12,7,0,2
BRDA:12,7,1,1
BRDA:14,8,0,1
BRDA:14,8,1,0
BRDA:14,9,0,1
BRDA:14,9,1,1
BRF:14
BRH:13
end_of_record
TN:
SF:/Users/adrien/codology/redux-data-structures/src/reducers/counter.js
FN:1,(anonymous_0)
FN:4,(anonymous_1)
FN:7,(anonymous_2)
FN:10,(anonymous_3)
FNF:4
FNH:4
FNDA:3,(anonymous_0)
FNDA:1,(anonymous_1)
FNDA:1,(anonymous_2)
FNDA:3,(anonymous_3)
DA:4,1
DA:7,1
DA:10,3
DA:14,3
DA:15,3
DA:16,1
DA:17,1
DA:18,1
DA:19,2
DA:20,1
DA:21,1
DA:22,1
DA:23,1
DA:24,1
DA:26,0
LF:15
LH:14
BRDA:2,0,0,3
BRDA:3,1,0,2
BRDA:4,2,0,3
BRDA:6,3,0,2
BRDA:7,4,0,3
BRDA:9,5,0,2
BRDA:11,6,0,3
BRDA:15,7,0,1
BRDA:15,7,1,2
BRDA:16,8,0,1
BRDA:16,8,1,0
BRDA:18,9,0,0
BRDA:18,9,1,1
BRDA:18,10,0,1
BRDA:18,10,1,1
BRDA:19,11,0,1
BRDA:19,11,1,1
BRDA:20,12,0,1
BRDA:20,12,1,0
BRDA:22,13,0,0
BRDA:22,13,1,1
BRDA:22,14,0,1
BRDA:22,14,1,1
BRDA:23,15,0,1
BRDA:23,15,1,0
BRF:25
BRH:20
end_of_record
TN:
SF:/Users/adrien/codology/redux-data-structures/src/reducers/map.js
FN:1,(anonymous_0)
FN:6,(anonymous_1)
FN:7,(anonymous_2)
FN:8,(anonymous_3)
FN:9,(anonymous_4)
FN:28,(anonymous_5)
FN:36,(anonymous_6)
FN:45,(anonymous_7)
FN:53,(anonymous_8)
FNF:9
FNH:9
FNDA:3,(anonymous_0)
FNDA:3,(anonymous_1)
FNDA:1,(anonymous_2)
FNDA:1,(anonymous_3)
FNDA:3,(anonymous_4)
FNDA:1,(anonymous_5)
FNDA:1,(anonymous_6)
FNDA:1,(anonymous_7)
FNDA:1,(anonymous_8)
DA:6,3
DA:7,1
DA:8,1
DA:9,3
DA:16,3
DA:17,3
DA:18,1
DA:19,2
DA:20,1
DA:21,1
DA:22,1
DA:24,0
DA:28,1
DA:29,1
DA:30,1
DA:36,1
DA:37,1
DA:38,1
DA:39,1
DA:45,1
DA:46,1
DA:47,1
DA:48,1
DA:49,1
DA:50,1
DA:51,1
DA:53,1
LF:27
LH:26
BRDA:3,0,0,2
BRDA:4,1,0,2
BRDA:5,2,0,2
BRDA:6,3,0,3
BRDA:7,4,0,3
BRDA:8,5,0,3
BRDA:10,6,0,1
BRDA:17,7,0,1
BRDA:17,7,1,2
BRDA:19,8,0,1
BRDA:19,8,1,1
BRDA:21,9,0,1
BRDA:21,9,1,0
BRDA:32,10,0,0
BRDA:32,10,1,1
BRDA:39,11,0,0
BRDA:39,11,1,1
BRDA:48,12,0,0
BRDA:48,12,1,1
BRF:19
BRH:15
end_of_record
TN:
SF:/Users/adrien/codology/redux-data-structures/src/reducers/queue.js
FN:1,(anonymous_0)
FN:5,(anonymous_1)
FN:6,(anonymous_2)
FNF:3
FNH:3
FNDA:6,(anonymous_0)
FNDA:2,(anonymous_1)
FNDA:6,(anonymous_2)
DA:5,2
DA:6,6
DA:10,6
DA:11,6
DA:12,2
DA:13,4
DA:14,3
DA:16,1
LF:8
LH:8
BRDA:2,0,0,6
BRDA:3,1,0,4
BRDA:4,2,0,3
BRDA:5,3,0,6
BRDA:7,4,0,1
BRDA:11,5,0,2
BRDA:11,5,1,4
BRDA:13,6,0,3
BRDA:13,6,1,1
BRF:9
BRH:9
end_of_record
TN:
SF:/Users/adrien/codology/redux-data-structures/src/reducers/set.js
FN:1,(anonymous_0)
FN:5,(anonymous_1)
FN:6,(anonymous_2)
FN:20,(anonymous_3)
FNF:4
FNH:4
FNDA:2,(anonymous_0)
FNDA:2,(anonymous_1)
FNDA:2,(anonymous_2)
FNDA:1,(anonymous_3)
DA:5,2
DA:6,2
DA:10,2
DA:11,2
DA:12,1
DA:13,1
DA:14,1
DA:16,0
DA:20,1
DA:21,1
DA:22,1
DA:23,1
DA:25,1
LF:13
LH:12
BRDA:2,0,0,2
BRDA:3,1,0,1
BRDA:4,2,0,1
BRDA:5,3,0,2
BRDA:7,4,0,0
BRDA:11,5,0,1
BRDA:11,5,1,1
BRDA:13,6,0,1
BRDA:13,6,1,0
BRDA:22,7,0,1
BRDA:22,7,1,0
BRF:11
BRH:8
end_of_record
TN:
SF:/Users/adrien/codology/redux-data-structures/src/reducers/testActionTypes.js
FNF:0
FNH:0
DA:1,8
DA:2,8
LF:2
LH:2
BRF:0
BRH:0
end_of_record
TN:
SF:/Users/adrien/codology/redux-data-structures/src/reducers/toggle.js
FN:1,(anonymous_0)
FN:5,(anonymous_1)
FNF:2
FNH:2
FNDA:3,(anonymous_0)
FNDA:3,(anonymous_1)
DA:5,3
DA:9,3
DA:10,3
DA:11,2
DA:12,1
DA:13,1
DA:15,0
LF:7
LH:6
BRDA:2,0,0,2
BRDA:3,1,0,1
BRDA:4,2,0,2
BRDA:6,3,0,0
BRDA:10,4,0,2
BRDA:10,4,1,1
BRDA:12,5,0,1
BRDA:12,5,1,0
BRF:8
BRH:6
end_of_record
TN:
SF:/Users/adrien/codology/redux-data-structures/src/reducers/toggleSet.js
FN:1,(anonymous_0)
FN:4,(anonymous_1)
FN:6,(anonymous_2)
FN:7,(anonymous_3)
FN:21,(anonymous_4)
FNF:5
FNH:5
FNDA:3,(anonymous_0)
FNDA:2,(anonymous_1)
FNDA:2,(anonymous_2)
FNDA:3,(anonymous_3)
FNDA:2,(anonymous_4)
DA:4,2
DA:6,2
DA:7,3
DA:11,3
DA:12,3
DA:13,2
DA:14,1
DA:15,1
DA:17,0
DA:21,1
DA:22,2
DA:23,2
DA:24,1
DA:26,1
DA:28,2
LF:15
LH:14
BRDA:2,0,0,2
BRDA:3,1,0,1
BRDA:4,2,0,3
BRDA:5,3,0,2
BRDA:6,4,0,3
BRDA:8,5,0,1
BRDA:12,6,0,2
BRDA:12,6,1,1
BRDA:14,7,0,1
BRDA:14,7,1,0
BRDA:23,8,0,1
BRDA:23,8,1,1
BRF:12
BRH:11
end_of_record
TN:
SF:/Users/adrien/codology/redux-data-structures/src/reducers/value.js
FN:1,(anonymous_0)
FN:4,(anonymous_1)
FN:6,(anonymous_2)
FNF:3
FNH:3
FNDA:2,(anonymous_0)
FNDA:1,(anonymous_1)
FNDA:2,(anonymous_2)
DA:4,1
DA:6,2
DA:10,2
DA:11,2
DA:12,1
DA:13,1
DA:14,1
DA:16,0
LF:8
LH:7
BRDA:2,0,0,1
BRDA:3,1,0,1
BRDA:4,2,0,2
BRDA:5,3,0,1
BRDA:7,4,0,1
BRDA:11,5,0,1
BRDA:11,5,1,1
BRDA:13,6,0,1
BRDA:13,6,1,0
BRF:9
BRH:8
end_of_record
